E:\PROJECT\LICENSEPLATEIDENTIFY\LICENSEPLATEIDENTIFY\RELEASE\MAIN.OBJ
E:\PROJECT\LICENSEPLATEIDENTIFY\LICENSEPLATEIDENTIFY\RELEASE\LICENSEPLATEIDENIFY.OBJ
E:\PROJECT\LICENSEPLATEIDENTIFY\LICENSEPLATEIDENTIFY\RELEASE\LIB_LICENSEPLATEIDENTIFY.OBJ
E:\PROJECT\LICENSEPLATEIDENTIFY\LICENSEPLATEIDENTIFY\RELEASE\PLATE_RECOGNIZE.OBJ
E:\PROJECT\LICENSEPLATEIDENTIFY\LICENSEPLATEIDENTIFY\RELEASE\PLATE_LOCATE.OBJ
E:\PROJECT\LICENSEPLATEIDENTIFY\LICENSEPLATEIDENTIFY\RELEASE\PLATE_JUDGE.OBJ
E:\PROJECT\LICENSEPLATEIDENTIFY\LICENSEPLATEIDENTIFY\RELEASE\PLATE_DETECT.OBJ
E:\PROJECT\LICENSEPLATEIDENTIFY\LICENSEPLATEIDENTIFY\RELEASE\FEATURES.OBJ
E:\PROJECT\LICENSEPLATEIDENTIFY\LICENSEPLATEIDENTIFY\RELEASE\CHARS_SEGMENT.OBJ
E:\PROJECT\LICENSEPLATEIDENTIFY\LICENSEPLATEIDENTIFY\RELEASE\CHARS_RECOGNISE.OBJ
E:\PROJECT\LICENSEPLATEIDENTIFY\LICENSEPLATEIDENTIFY\RELEASE\CHARS_IDENTIFY.OBJ
E:\PROJECT\LICENSEPLATEIDENTIFY\LICENSEPLATEIDENTIFY\RELEASE\ALGORITHMINTERFACE.OBJ
E:\PROJECT\LICENSEPLATEIDENTIFY\LICENSEPLATEIDENTIFY\RELEASE\AI_LICENSEPLATE_IDENTIFY.OBJ
E:\PROJECT\LICENSEPLATEIDENTIFY\LICENSEPLATEIDENTIFY\RELEASE\VC110.PDB
E:\Project\licensePlateIdentify\Release\licensePlateIdentify.lib
E:\Project\licensePlateIdentify\Release\licensePlateIdentify.exp
E:\PROJECT\LICENSEPLATEIDENTIFY\RELEASE\LICENSEPLATEIDENTIFY.EXE
E:\PROJECT\LICENSEPLATEIDENTIFY\RELEASE\LICENSEPLATEIDENTIFY.PDB
E:\Project\licensePlateIdentify\licensePlateIdentify\Release\AI_LicensePlate_Identify.obj
E:\Project\licensePlateIdentify\licensePlateIdentify\Release\algorithmInterface.obj
E:\Project\licensePlateIdentify\licensePlateIdentify\Release\chars_identify.obj
E:\Project\licensePlateIdentify\licensePlateIdentify\Release\chars_recognise.obj
E:\Project\licensePlateIdentify\licensePlateIdentify\Release\chars_segment.obj
E:\Project\licensePlateIdentify\licensePlateIdentify\Release\features.obj
E:\Project\licensePlateIdentify\licensePlateIdentify\Release\lib_licensePlateIdentify.obj
E:\Project\licensePlateIdentify\licensePlateIdentify\Release\licensePlateIdenify.obj
E:\Project\licensePlateIdentify\licensePlateIdentify\Release\main.obj
E:\Project\licensePlateIdentify\licensePlateIdentify\Release\plate_detect.obj
E:\Project\licensePlateIdentify\licensePlateIdentify\Release\plate_judge.obj
E:\Project\licensePlateIdentify\licensePlateIdentify\Release\plate_locate.obj
E:\Project\licensePlateIdentify\licensePlateIdentify\Release\plate_recognize.obj
E:\Project\licensePlateIdentify\licensePlateIdentify\Release\cl.command.1.tlog
E:\Project\licensePlateIdentify\licensePlateIdentify\Release\CL.read.1.tlog
E:\Project\licensePlateIdentify\licensePlateIdentify\Release\CL.write.1.tlog
E:\Project\licensePlateIdentify\licensePlateIdentify\Release\licensePlateIdentify.write.1.tlog
E:\Project\licensePlateIdentify\licensePlateIdentify\Release\link-cvtres.read.1.tlog
E:\Project\licensePlateIdentify\licensePlateIdentify\Release\link-cvtres.write.1.tlog
E:\Project\licensePlateIdentify\licensePlateIdentify\Release\link-rc.read.1.tlog
E:\Project\licensePlateIdentify\licensePlateIdentify\Release\link-rc.write.1.tlog
E:\Project\licensePlateIdentify\licensePlateIdentify\Release\link.command.1.tlog
E:\Project\licensePlateIdentify\licensePlateIdentify\Release\link.read.1.tlog
E:\Project\licensePlateIdentify\licensePlateIdentify\Release\link.write.1.tlog
E:\Project\licensePlateIdentify\licensePlateIdentify\Release\vc110.pdb
E:\Project\licensePlateIdentify\Release\licensePlateIdentify.pdb
E:\Project\licensePlateIdentify\Release\licensePlateIdentify.exe
