E:\Project\image_denoising\image_denoising\Release\ai_image_denoising.dll.intermediate.manifest
E:\Project\image_denoising\image_denoising\Release\ai_image_denoising.write.1.tlog
E:\Project\image_denoising\image_denoising\Release\AI_Image_Denosing.obj
E:\Project\image_denoising\image_denoising\Release\algorithmInterface.obj
E:\Project\image_denoising\image_denoising\Release\cl.command.1.tlog
E:\Project\image_denoising\image_denoising\Release\CL.read.1.tlog
E:\Project\image_denoising\image_denoising\Release\CL.write.1.tlog
E:\Project\image_denoising\image_denoising\Release\denoising.obj
E:\Project\image_denoising\image_denoising\Release\image_denoising.vcxprojResolveAssemblyReference.cache
E:\Project\image_denoising\image_denoising\Release\link.command.1.tlog
E:\Project\image_denoising\image_denoising\Release\link.read.1.tlog
E:\Project\image_denoising\image_denoising\Release\link.write.1.tlog
E:\Project\image_denoising\image_denoising\Release\mt.command.1.tlog
E:\Project\image_denoising\image_denoising\Release\mt.read.1.tlog
E:\Project\image_denoising\image_denoising\Release\mt.write.1.tlog
E:\Project\image_denoising\image_denoising\Release\vc100.pdb
E:\Project\image_denoising\Release\ai_image_denoising.dll
E:\Project\image_denoising\Release\ai_image_denoising.pdb
F:\PROJECT2010\SERVICE_IMAGE_ENHANCE\IMAGE_DENOISING\IMAGE_DENOISING\RELEASE\AI_IMAGE_DENOISING.DLL.INTERMEDIATE.MANIFEST
F:\PROJECT2010\SERVICE_IMAGE_ENHANCE\IMAGE_DENOISING\IMAGE_DENOISING\RELEASE\AI_IMAGE_DENOSING.OBJ
F:\PROJECT2010\SERVICE_IMAGE_ENHANCE\IMAGE_DENOISING\IMAGE_DENOISING\RELEASE\ALGORITHMINTERFACE.OBJ
F:\PROJECT2010\SERVICE_IMAGE_ENHANCE\IMAGE_DENOISING\IMAGE_DENOISING\RELEASE\DENOISING.OBJ
F:\PROJECT2010\SERVICE_IMAGE_ENHANCE\IMAGE_DENOISING\IMAGE_DENOISING\RELEASE\VC100.PDB
F:\PROJECT2010\SERVICE_IMAGE_ENHANCE\IMAGE_DENOISING\RELEASE\AI_IMAGE_DENOISING.DLL
F:\project2010\service_image_enhance\image_denoising\Release\ai_image_denoising.exp
F:\project2010\service_image_enhance\image_denoising\Release\ai_image_denoising.lib
F:\PROJECT2010\SERVICE_IMAGE_ENHANCE\IMAGE_DENOISING\RELEASE\AI_IMAGE_DENOISING.PDB
