生成启动时间为 2015/3/21 10:06:35。
     1>项目“E:\Project\image_denoising\image_denoising\image_denoising.vcxproj”在节点 2 上(rebuild 个目标)。
     1>_PrepareForClean:
         正在删除文件“Release\ai_image_denoising.lastbuildstate”。
       InitializeBuildStatus:
         正在创建“Release\ai_image_denoising.unsuccessfulbuild”，因为已指定“AlwaysCreate”。
       ClCompile:
         D:\Program Files (x86)\Microsoft Visual Studio 10.0\VC\bin\CL.exe /c /Zi /nologo /W3 /WX- /O2 /Oi /Oy- /GL /D WIN32 /D NDEBUG /D _WINDOWS /D _USRDLL /D IMAGE_DENOISING_EXPORTS /D _WINDLL /D _UNICODE /D UNICODE /Gm- /EHsc /MT /GS /Gy /fp:precise /Zc:wchar_t /Zc:forScope /Fo"Release\\" /Fd"Release\vc100.pdb" /Gd /TP /analyze- /errorReport:prompt AI_Image_Denosing.cpp algorithmInterface.cpp denoising.cpp
         AI_Image_Denosing.cpp
     1>D:\Program Files\opencv3.0\opencv\build\include\opencv2/core/mat.hpp(1413): warning C4819: 该文件包含不能在当前代码页(936)中表示的字符。请将该文件保存为 Unicode 格式以防止数据丢失
     1>D:\Program Files\opencv3.0\opencv\build\include\opencv2/core/mat.hpp(1413): warning C4819: 该文件包含不能在当前代码页(936)中表示的字符。请将该文件保存为 Unicode 格式以防止数据丢失
         algorithmInterface.cpp
     1>D:\Program Files\opencv3.0\opencv\build\include\opencv2/core/mat.hpp(1413): warning C4819: 该文件包含不能在当前代码页(936)中表示的字符。请将该文件保存为 Unicode 格式以防止数据丢失
     1>D:\Program Files\opencv3.0\opencv\build\include\opencv2/core/mat.hpp(1413): warning C4819: 该文件包含不能在当前代码页(936)中表示的字符。请将该文件保存为 Unicode 格式以防止数据丢失
         denoising.cpp
     1>D:\Program Files\opencv3.0\opencv\build\include\opencv2/core/mat.hpp(1413): warning C4819: 该文件包含不能在当前代码页(936)中表示的字符。请将该文件保存为 Unicode 格式以防止数据丢失
     1>D:\Program Files\opencv3.0\opencv\build\include\opencv2/core/mat.hpp(1413): warning C4819: 该文件包含不能在当前代码页(936)中表示的字符。请将该文件保存为 Unicode 格式以防止数据丢失
     1>denoising.cpp(17): warning C4482: 使用了非标准扩展: 限定名中使用了枚举“AlgorithmResult”
       Link:
         D:\Program Files (x86)\Microsoft Visual Studio 10.0\VC\bin\link.exe /ERRORREPORT:PROMPT /OUT:"E:\Project\image_denoising\Release\ai_image_denoising.dll" /INCREMENTAL:NO /NOLOGO IlmImf.lib libjasper.lib libjpeg.lib libpng.lib libtiff.lib libwebp.lib ippicvmt.lib opencv_calib3d300.lib opencv_core300.lib opencv_features2d300.lib opencv_flann300.lib opencv_highgui300.lib opencv_imgcodecs300.lib opencv_imgproc300.lib opencv_ml300.lib opencv_objdetect300.lib opencv_photo300.lib opencv_shape300.lib opencv_stitching300.lib opencv_superres300.lib opencv_ts300.lib opencv_video300.lib opencv_videoio300.lib opencv_videostab300.lib zlib.lib vfw32.lib comctl32.lib kernel32.lib user32.lib gdi32.lib winspool.lib comdlg32.lib advapi32.lib shell32.lib ole32.lib oleaut32.lib uuid.lib odbc32.lib odbccp32.lib /MANIFEST /ManifestFile:"Release\ai_image_denoising.dll.intermediate.manifest" /MANIFESTUAC:"level='asInvoker' uiAccess='false'" /DEBUG /PDB:"E:\Project\image_denoising\Release\ai_image_denoising.pdb" /SUBSYSTEM:WINDOWS /OPT:REF /OPT:ICF /LTCG /TLBID:1 /DYNAMICBASE /NXCOMPAT /IMPLIB:"E:\Project\image_denoising\Release\ai_image_denoising.lib" /MACHINE:X86 /DLL Release\AI_Image_Denosing.obj
         Release\algorithmInterface.obj
         Release\denoising.obj
            正在创建库 E:\Project\image_denoising\Release\ai_image_denoising.lib 和对象 E:\Project\image_denoising\Release\ai_image_denoising.exp
         正在生成代码
         已完成代码的生成
         image_denoising.vcxproj -> E:\Project\image_denoising\Release\ai_image_denoising.dll
       Manifest:
         C:\Program Files (x86)\Microsoft SDKs\Windows\v7.0A\bin\mt.exe /nologo /verbose /outputresource:"E:\Project\image_denoising\Release\ai_image_denoising.dll;#2" /manifest Release\ai_image_denoising.dll.intermediate.manifest
       FinalizeBuildStatus:
         正在删除文件“Release\ai_image_denoising.unsuccessfulbuild”。
         正在对“Release\ai_image_denoising.lastbuildstate”执行 Touch 任务。
     1>已完成生成项目“E:\Project\image_denoising\image_denoising\image_denoising.vcxproj”(rebuild 个目标)的操作。

生成成功。

已用时间 00:00:42.78
