生成启动时间为 2015/5/12 20:47:54。
     1>项目“E:\Project\licensePlateIdentify\licensePlateIdentify\licensePlateIdentify.vcxproj”在节点 2 上(Build 个目标)。
     1>InitializeBuildStatus:
         正在创建“Release\licensePlateIdentify.unsuccessfulbuild”，因为已指定“AlwaysCreate”。
       ClCompile:
         C:\Program Files (x86)\Microsoft Visual Studio 11.0\VC\bin\CL.exe /c /Zi /nologo /W3 /WX- /Od /Oi /Oy- /GL /D WIN32 /D NDEBUG /D _CONSOLE /D _UNICODE /D UNICODE /Gm- /EHsc /MD /GS /Gy /fp:precise /Zc:wchar_t /Zc:forScope /Fo"Release\\" /Fd"Release\vc110.pdb" /Gd /TP /analyze- /errorReport:prompt main.cpp
         main.cpp
     1>main.cpp(31): warning C4018: “<”: 有符号/无符号不匹配
       Link:
         C:\Program Files (x86)\Microsoft Visual Studio 11.0\VC\bin\link.exe /ERRORREPORT:PROMPT /OUT:"E:\Project\licensePlateIdentify\Release\licensePlateIdentify.exe" /INCREMENTAL:NO /NOLOGO opencv_calib3d246.lib opencv_contrib246.lib opencv_core246.lib opencv_features2d246.lib opencv_flann246.lib opencv_gpu246.lib opencv_haartraining_engine.lib opencv_highgui246.lib opencv_imgproc246.lib opencv_legacy246.lib opencv_ml246.lib opencv_nonfree246.lib opencv_objdetect246.lib opencv_ocl246.lib opencv_photo246.lib opencv_stitching246.lib opencv_superres246.lib opencv_ts246.lib opencv_video246.lib opencv_videostab246.lib kernel32.lib user32.lib gdi32.lib winspool.lib comdlg32.lib advapi32.lib shell32.lib ole32.lib oleaut32.lib uuid.lib odbc32.lib odbccp32.lib /MANIFEST /MANIFESTUAC:"level='asInvoker' uiAccess='false'" /manifest:embed /DEBUG /PDB:"E:\Project\licensePlateIdentify\Release\licensePlateIdentify.pdb" /SUBSYSTEM:CONSOLE /OPT:REF /OPT:ICF /LTCG /TLBID:1 /DYNAMICBASE /NXCOMPAT /IMPLIB:"E:\Project\licensePlateIdentify\Release\licensePlateIdentify.lib" /MACHINE:X86 /SAFESEH Release\AI_LicensePlate_Identify.obj
         Release\algorithmInterface.obj
         Release\chars_identify.obj
         Release\chars_recognise.obj
         Release\chars_segment.obj
         Release\features.obj
         Release\plate_detect.obj
         Release\plate_judge.obj
         Release\plate_locate.obj
         Release\plate_recognize.obj
         Release\lib_licensePlateIdentify.obj
         Release\licensePlateIdenify.obj
         Release\main.obj
            正在创建库 E:\Project\licensePlateIdentify\Release\licensePlateIdentify.lib 和对象 E:\Project\licensePlateIdentify\Release\licensePlateIdentify.exp
         正在生成代码
         已完成代码的生成
         licensePlateIdentify.vcxproj -> E:\Project\licensePlateIdentify\Release\licensePlateIdentify.exe
       FinalizeBuildStatus:
         正在删除文件“Release\licensePlateIdentify.unsuccessfulbuild”。
         正在对“Release\licensePlateIdentify.lastbuildstate”执行 Touch 任务。
     1>已完成生成项目“E:\Project\licensePlateIdentify\licensePlateIdentify\licensePlateIdentify.vcxproj”(Build 个目标)的操作。

生成成功。

已用时间 00:00:14.21
