Build started 2015/4/2 9:36:34.
     1>Project "F:\project2012\licensePlateIdentify\licensePlateIdentify\licensePlateIdentify.vcxproj" on node 2 (Build target(s)).
     1>ClCompile:
         E:\Program Files (x86)\Microsoft Visual Studio 11.0\VC\bin\CL.exe /c /Zi /nologo /W3 /WX- /O2 /Oi /Oy- /GL /D WIN32 /D NDEBUG /D _CONSOLE /D _UNICODE /D UNICODE /Gm- /EHsc /MD /GS /Gy /fp:precise /Zc:wchar_t /Zc:forScope /Fo"Release\\" /Fd"Release\vc110.pdb" /Gd /TP /analyze- /errorReport:prompt core\chars_recognise.cpp
         chars_recognise.cpp
     1>core\chars_recognise.cpp(45): warning C4996: 'itoa': The POSIX name for this item is deprecated. Instead, use the ISO C++ conformant name: _itoa. See online help for details.
                 E:\Program Files (x86)\Microsoft Visual Studio 11.0\VC\include\stdlib.h(909) : see declaration of 'itoa'
       Link:
         E:\Program Files (x86)\Microsoft Visual Studio 11.0\VC\bin\link.exe /ERRORREPORT:PROMPT /OUT:"F:\project2012\licensePlateIdentify\Release\licensePlateIdentify.exe" /INCREMENTAL:NO /NOLOGO opencv_calib3d246.lib opencv_contrib246.lib opencv_core246.lib opencv_features2d246.lib opencv_flann246.lib opencv_gpu246.lib opencv_haartraining_engine.lib opencv_highgui246.lib opencv_imgproc246.lib opencv_legacy246.lib opencv_ml246.lib opencv_nonfree246.lib opencv_objdetect246.lib opencv_ocl246.lib opencv_photo246.lib opencv_stitching246.lib opencv_superres246.lib opencv_ts246.lib opencv_video246.lib opencv_videostab246.lib kernel32.lib user32.lib gdi32.lib winspool.lib comdlg32.lib advapi32.lib shell32.lib ole32.lib oleaut32.lib uuid.lib odbc32.lib odbccp32.lib /MANIFEST /MANIFESTUAC:"level='asInvoker' uiAccess='false'" /manifest:embed /DEBUG /PDB:"F:\project2012\licensePlateIdentify\Release\licensePlateIdentify.pdb" /SUBSYSTEM:CONSOLE /OPT:REF /OPT:ICF /LTCG /TLBID:1 /DYNAMICBASE /NXCOMPAT /IMPLIB:"F:\project2012\licensePlateIdentify\Release\licensePlateIdentify.lib" /MACHINE:X86 /SAFESEH Release\AI_LicensePlate_Identify.obj
         Release\algorithmInterface.obj
         Release\chars_identify.obj
         Release\chars_recognise.obj
         Release\chars_segment.obj
         Release\features.obj
         Release\plate_detect.obj
         Release\plate_judge.obj
         Release\plate_locate.obj
         Release\plate_recognize.obj
         Release\lib_licensePlateIdentify.obj
         Release\licensePlateIdenify.obj
         Release\main.obj
            Creating library F:\project2012\licensePlateIdentify\Release\licensePlateIdentify.lib and object F:\project2012\licensePlateIdentify\Release\licensePlateIdentify.exp
         Generating code
         Finished generating code
         licensePlateIdentify.vcxproj -> F:\project2012\licensePlateIdentify\Release\licensePlateIdentify.exe
     1>Done Building Project "F:\project2012\licensePlateIdentify\licensePlateIdentify\licensePlateIdentify.vcxproj" (Build target(s)).

Build succeeded.

Time Elapsed 00:00:05.56
