E:\VS2010PROJECT\QT_PROJECT\CONDITIONALVIDEOABSTRACT4.1\RELEASE\VIDEOANALYZE_MOG_DLL.DLL
E:\VS2010Project\Qt_Project\ConditionalVideoAbstract4.1\Release\VideoAnalyze_Mog_DLL.exp
E:\VS2010Project\Qt_Project\ConditionalVideoAbstract4.1\Release\VideoAnalyze_Mog_DLL.lib
E:\VS2010PROJECT\QT_PROJECT\CONDITIONALVIDEOABSTRACT4.1\RELEASE\VIDEOANALYZE_MOG_DLL.PDB
E:\VS2010Project\Qt_Project\ConditionalVideoAbstract4.1\VideoAnalyze_Mog_DLL\Release\cl.command.1.tlog
E:\VS2010Project\Qt_Project\ConditionalVideoAbstract4.1\VideoAnalyze_Mog_DLL\Release\CL.read.1.tlog
E:\VS2010Project\Qt_Project\ConditionalVideoAbstract4.1\VideoAnalyze_Mog_DLL\Release\CL.write.1.tlog
E:\VS2010PROJECT\QT_PROJECT\CONDITIONALVIDEOABSTRACT4.1\VIDEOANALYZE_MOG_DLL\RELEASE\DLLMAIN.OBJ
E:\VS2010Project\Qt_Project\ConditionalVideoAbstract4.1\VideoAnalyze_Mog_DLL\Release\link.command.1.tlog
E:\VS2010Project\Qt_Project\ConditionalVideoAbstract4.1\VideoAnalyze_Mog_DLL\Release\link.read.1.tlog
E:\VS2010Project\Qt_Project\ConditionalVideoAbstract4.1\VideoAnalyze_Mog_DLL\Release\link.write.1.tlog
E:\VS2010Project\Qt_Project\ConditionalVideoAbstract4.1\VideoAnalyze_Mog_DLL\Release\mt.command.1.tlog
E:\VS2010Project\Qt_Project\ConditionalVideoAbstract4.1\VideoAnalyze_Mog_DLL\Release\mt.read.1.tlog
E:\VS2010Project\Qt_Project\ConditionalVideoAbstract4.1\VideoAnalyze_Mog_DLL\Release\mt.write.1.tlog
E:\VS2010PROJECT\QT_PROJECT\CONDITIONALVIDEOABSTRACT4.1\VIDEOANALYZE_MOG_DLL\RELEASE\STDAFX.OBJ
E:\VS2010PROJECT\QT_PROJECT\CONDITIONALVIDEOABSTRACT4.1\VIDEOANALYZE_MOG_DLL\RELEASE\VC100.PDB
E:\VS2010PROJECT\QT_PROJECT\CONDITIONALVIDEOABSTRACT4.1\VIDEOANALYZE_MOG_DLL\RELEASE\VIDEOANALYZE_MOG_DLL.DLL.INTERMEDIATE.MANIFEST
E:\VS2010PROJECT\QT_PROJECT\CONDITIONALVIDEOABSTRACT4.1\VIDEOANALYZE_MOG_DLL\RELEASE\VIDEOANALYZE_MOG_DLL.OBJ
E:\VS2010PROJECT\QT_PROJECT\CONDITIONALVIDEOABSTRACT4.1\VIDEOANALYZE_MOG_DLL\RELEASE\VIDEOANALYZE_MOG_DLL.PCH
E:\VS2010Project\Qt_Project\ConditionalVideoAbstract4.1\VideoAnalyze_Mog_DLL\Release\VideoAnalyze_Mog_DLL.write.1.tlog
