E:\PROJECT\MASKMAN_DETECT\AI_MASKMAN_DETECT\RELEASE\AI_MASKMAN_DETECT.DLL.INTERMEDIATE.MANIFEST
E:\PROJECT\MASKMAN_DETECT\AI_MASKMAN_DETECT\RELEASE\AI_MASKMAN_DETECT.OBJ
E:\Project\maskman_detect\ai_maskman_detect\Release\ai_maskman_detect.write.1.tlog
E:\PROJECT\MASKMAN_DETECT\AI_MASKMAN_DETECT\RELEASE\ALGORITHMINTERFACE.OBJ
E:\Project\maskman_detect\ai_maskman_detect\Release\cl.command.1.tlog
E:\Project\maskman_detect\ai_maskman_detect\Release\CL.read.1.tlog
E:\Project\maskman_detect\ai_maskman_detect\Release\CL.write.1.tlog
E:\PROJECT\MASKMAN_DETECT\AI_MASKMAN_DETECT\RELEASE\CONTROLLER.OBJ
E:\PROJECT\MASKMAN_DETECT\AI_MASKMAN_DETECT\RELEASE\LIB_MASKMAN_DETECT.OBJ
E:\Project\maskman_detect\ai_maskman_detect\Release\link.command.1.tlog
E:\Project\maskman_detect\ai_maskman_detect\Release\link.read.1.tlog
E:\Project\maskman_detect\ai_maskman_detect\Release\link.write.1.tlog
E:\Project\maskman_detect\ai_maskman_detect\Release\mt.command.1.tlog
E:\Project\maskman_detect\ai_maskman_detect\Release\mt.read.1.tlog
E:\Project\maskman_detect\ai_maskman_detect\Release\mt.write.1.tlog
E:\PROJECT\MASKMAN_DETECT\AI_MASKMAN_DETECT\RELEASE\VC100.PDB
E:\PROJECT\QTMASKMANDETECT\RELEASE\AI_MASKMAN_DETECT.DLL
E:\Project\QtMaskManDetect\Release\ai_maskman_detect.exp
E:\Project\QtMaskManDetect\Release\ai_maskman_detect.lib
E:\PROJECT\QTMASKMANDETECT\RELEASE\AI_MASKMAN_DETECT.PDB
