F:\PROJECT2010\SERVICE_MASKMAN_RECONGIZE\DETECTMASKMAN\DETECTMASKMAN\RELEASE\AI_MASKMAN_DETECT.OBJ
F:\PROJECT2010\SERVICE_MASKMAN_RECONGIZE\DETECTMASKMAN\DETECTMASKMAN\RELEASE\ALGORITHMINTERFACE.OBJ
F:\project2010\service_maskman_recongize\detectMaskMan\detectMaskMan\Release\cl.command.1.tlog
F:\project2010\service_maskman_recongize\detectMaskMan\detectMaskMan\Release\CL.read.1.tlog
F:\project2010\service_maskman_recongize\detectMaskMan\detectMaskMan\Release\CL.write.1.tlog
F:\PROJECT2010\SERVICE_MASKMAN_RECONGIZE\DETECTMASKMAN\DETECTMASKMAN\RELEASE\CONTROLLER.OBJ
F:\PROJECT2010\SERVICE_MASKMAN_RECONGIZE\DETECTMASKMAN\DETECTMASKMAN\RELEASE\DETECTMASKMAN.DLL.INTERMEDIATE.MANIFEST
F:\project2010\service_maskman_recongize\detectMaskMan\detectMaskMan\Release\detectMaskMan.write.1.tlog
F:\PROJECT2010\SERVICE_MASKMAN_RECONGIZE\DETECTMASKMAN\DETECTMASKMAN\RELEASE\LIB_MASKMAN_DETECT.OBJ
F:\project2010\service_maskman_recongize\detectMaskMan\detectMaskMan\Release\link.command.1.tlog
F:\project2010\service_maskman_recongize\detectMaskMan\detectMaskMan\Release\link.read.1.tlog
F:\project2010\service_maskman_recongize\detectMaskMan\detectMaskMan\Release\link.write.1.tlog
F:\project2010\service_maskman_recongize\detectMaskMan\detectMaskMan\Release\mt.command.1.tlog
F:\project2010\service_maskman_recongize\detectMaskMan\detectMaskMan\Release\mt.read.1.tlog
F:\project2010\service_maskman_recongize\detectMaskMan\detectMaskMan\Release\mt.write.1.tlog
F:\PROJECT2010\SERVICE_MASKMAN_RECONGIZE\DETECTMASKMAN\DETECTMASKMAN\RELEASE\VC100.PDB
F:\PROJECT2010\SERVICE_MASKMAN_RECONGIZE\DETECTMASKMAN\RELEASE\DETECTMASKMAN.DLL
F:\project2010\service_maskman_recongize\detectMaskMan\Release\detectMaskMan.exp
F:\project2010\service_maskman_recongize\detectMaskMan\Release\detectMaskMan.lib
F:\PROJECT2010\SERVICE_MASKMAN_RECONGIZE\DETECTMASKMAN\RELEASE\DETECTMASKMAN.PDB
