E:\VS2010PROJECT\QT_PROJECT\CONDITIONALVIDEOABSTRACT4.1\DEBUG\VIDEOANALYZE_MOG_DLL.DLL
E:\VS2010Project\Qt_Project\ConditionalVideoAbstract4.1\Debug\VideoAnalyze_Mog_DLL.exp
E:\VS2010PROJECT\QT_PROJECT\CONDITIONALVIDEOABSTRACT4.1\DEBUG\VIDEOANALYZE_MOG_DLL.ILK
E:\VS2010Project\Qt_Project\ConditionalVideoAbstract4.1\Debug\VideoAnalyze_Mog_DLL.lib
E:\VS2010PROJECT\QT_PROJECT\CONDITIONALVIDEOABSTRACT4.1\DEBUG\VIDEOANALYZE_MOG_DLL.PDB
E:\VS2010Project\Qt_Project\ConditionalVideoAbstract4.1\VideoAnalyze_Mog_DLL\Debug\cl.command.1.tlog
E:\VS2010Project\Qt_Project\ConditionalVideoAbstract4.1\VideoAnalyze_Mog_DLL\Debug\CL.read.1.tlog
E:\VS2010Project\Qt_Project\ConditionalVideoAbstract4.1\VideoAnalyze_Mog_DLL\Debug\CL.write.1.tlog
E:\VS2010PROJECT\QT_PROJECT\CONDITIONALVIDEOABSTRACT4.1\VIDEOANALYZE_MOG_DLL\DEBUG\DLLMAIN.OBJ
E:\VS2010Project\Qt_Project\ConditionalVideoAbstract4.1\VideoAnalyze_Mog_DLL\Debug\link.9364.read.1.tlog
E:\VS2010Project\Qt_Project\ConditionalVideoAbstract4.1\VideoAnalyze_Mog_DLL\Debug\link.9364.write.1.tlog
E:\VS2010Project\Qt_Project\ConditionalVideoAbstract4.1\VideoAnalyze_Mog_DLL\Debug\link.9364-cvtres.read.1.tlog
E:\VS2010Project\Qt_Project\ConditionalVideoAbstract4.1\VideoAnalyze_Mog_DLL\Debug\link.9364-cvtres.write.1.tlog
E:\VS2010Project\Qt_Project\ConditionalVideoAbstract4.1\VideoAnalyze_Mog_DLL\Debug\link.command.1.tlog
E:\VS2010Project\Qt_Project\ConditionalVideoAbstract4.1\VideoAnalyze_Mog_DLL\Debug\link.read.1.tlog
E:\VS2010Project\Qt_Project\ConditionalVideoAbstract4.1\VideoAnalyze_Mog_DLL\Debug\link.write.1.tlog
E:\VS2010Project\Qt_Project\ConditionalVideoAbstract4.1\VideoAnalyze_Mog_DLL\Debug\link-cvtres.read.1.tlog
E:\VS2010Project\Qt_Project\ConditionalVideoAbstract4.1\VideoAnalyze_Mog_DLL\Debug\link-cvtres.write.1.tlog
E:\VS2010Project\Qt_Project\ConditionalVideoAbstract4.1\VideoAnalyze_Mog_DLL\Debug\mt.command.1.tlog
E:\VS2010Project\Qt_Project\ConditionalVideoAbstract4.1\VideoAnalyze_Mog_DLL\Debug\mt.read.1.tlog
E:\VS2010Project\Qt_Project\ConditionalVideoAbstract4.1\VideoAnalyze_Mog_DLL\Debug\mt.write.1.tlog
E:\VS2010Project\Qt_Project\ConditionalVideoAbstract4.1\VideoAnalyze_Mog_DLL\Debug\rc.command.1.tlog
E:\VS2010Project\Qt_Project\ConditionalVideoAbstract4.1\VideoAnalyze_Mog_DLL\Debug\rc.read.1.tlog
E:\VS2010Project\Qt_Project\ConditionalVideoAbstract4.1\VideoAnalyze_Mog_DLL\Debug\rc.write.1.tlog
E:\VS2010PROJECT\QT_PROJECT\CONDITIONALVIDEOABSTRACT4.1\VIDEOANALYZE_MOG_DLL\DEBUG\STDAFX.OBJ
E:\VS2010Project\Qt_Project\ConditionalVideoAbstract4.1\VideoAnalyze_Mog_DLL\Debug\vc100.idb
E:\VS2010PROJECT\QT_PROJECT\CONDITIONALVIDEOABSTRACT4.1\VIDEOANALYZE_MOG_DLL\DEBUG\VC100.PDB
E:\VS2010PROJECT\QT_PROJECT\CONDITIONALVIDEOABSTRACT4.1\VIDEOANALYZE_MOG_DLL\DEBUG\VIDEOANALYZE_MOG_DLL.DLL.EMBED.MANIFEST
E:\VS2010PROJECT\QT_PROJECT\CONDITIONALVIDEOABSTRACT4.1\VIDEOANALYZE_MOG_DLL\DEBUG\VIDEOANALYZE_MOG_DLL.DLL.EMBED.MANIFEST.RES
E:\VS2010PROJECT\QT_PROJECT\CONDITIONALVIDEOABSTRACT4.1\VIDEOANALYZE_MOG_DLL\DEBUG\VIDEOANALYZE_MOG_DLL.DLL.INTERMEDIATE.MANIFEST
E:\VS2010PROJECT\QT_PROJECT\CONDITIONALVIDEOABSTRACT4.1\VIDEOANALYZE_MOG_DLL\DEBUG\VIDEOANALYZE_MOG_DLL.OBJ
E:\VS2010PROJECT\QT_PROJECT\CONDITIONALVIDEOABSTRACT4.1\VIDEOANALYZE_MOG_DLL\DEBUG\VIDEOANALYZE_MOG_DLL.PCH
E:\VS2010Project\Qt_Project\ConditionalVideoAbstract4.1\VideoAnalyze_Mog_DLL\Debug\VideoAnalyze_Mog_DLL.write.1.tlog
E:\VS2010Project\Qt_Project\ConditionalVideoAbstract4.1\VideoAnalyze_Mog_DLL\Debug\VideoAnalyze_Mog_DLL_manifest.rc
