生成启动时间为 2015/3/24 16:38:16。
     1>项目“E:\Project\maskman_detect\ai_maskman_detect\ai_maskman_detect.vcxproj”在节点 3 上(rebuild 个目标)。
     1>_PrepareForClean:
         正在删除文件“Release\ai_maskman_detect.lastbuildstate”。
       InitializeBuildStatus:
         正在创建“Release\ai_maskman_detect.unsuccessfulbuild”，因为已指定“AlwaysCreate”。
       ClCompile:
         D:\Program Files (x86)\Microsoft Visual Studio 10.0\VC\bin\CL.exe /c /Zi /nologo /W3 /WX- /Od /Oi /Oy- /GL /D WIN32 /D NDEBUG /D _CONSOLE /D _WINDLL /D _UNICODE /D UNICODE /Gm- /EHsc /MD /GS /Gy /fp:precise /Zc:wchar_t /Zc:forScope /Fo"Release\\" /Fd"Release\vc100.pdb" /Gd /TP /analyze- /errorReport:prompt AlgorithmInterface\AI_Maskman_Detect.cpp AlgorithmInterface\algorithmInterface.cpp Controller.cpp lib_maskman_detect.cpp
         AI_Maskman_Detect.cpp
     1>D:\Program Files\opencv3.0\opencv\build\include\opencv2/core/mat.hpp(1413): warning C4819: 该文件包含不能在当前代码页(936)中表示的字符。请将该文件保存为 Unicode 格式以防止数据丢失
     1>D:\Program Files\opencv3.0\opencv\build\include\opencv2/core/mat.hpp(1413): warning C4819: 该文件包含不能在当前代码页(936)中表示的字符。请将该文件保存为 Unicode 格式以防止数据丢失
         algorithmInterface.cpp
     1>D:\Program Files\opencv3.0\opencv\build\include\opencv2/core/mat.hpp(1413): warning C4819: 该文件包含不能在当前代码页(936)中表示的字符。请将该文件保存为 Unicode 格式以防止数据丢失
     1>D:\Program Files\opencv3.0\opencv\build\include\opencv2/core/mat.hpp(1413): warning C4819: 该文件包含不能在当前代码页(936)中表示的字符。请将该文件保存为 Unicode 格式以防止数据丢失
         Controller.cpp
     1>D:\Program Files\opencv3.0\opencv\build\include\opencv2/core/mat.hpp(1413): warning C4819: 该文件包含不能在当前代码页(936)中表示的字符。请将该文件保存为 Unicode 格式以防止数据丢失
     1>D:\Program Files\opencv3.0\opencv\build\include\opencv2/core/mat.hpp(1413): warning C4819: 该文件包含不能在当前代码页(936)中表示的字符。请将该文件保存为 Unicode 格式以防止数据丢失
     1>Controller.cpp(52): warning C4101: “staticdata”: 未引用的局部变量
     1>Controller.cpp(88): warning C4482: 使用了非标准扩展: 限定名中使用了枚举“ForwardResult”
     1>Controller.cpp(114): warning C4996: 'strcpy': This function or variable may be unsafe. Consider using strcpy_s instead. To disable deprecation, use _CRT_SECURE_NO_WARNINGS. See online help for details.
                 D:\Program Files (x86)\Microsoft Visual Studio 10.0\VC\include\string.h(105) : 参见“strcpy”的声明
     1>Controller.cpp(140): warning C4482: 使用了非标准扩展: 限定名中使用了枚举“ForwardResult”
     1>Controller.cpp(143): warning C4482: 使用了非标准扩展: 限定名中使用了枚举“ForwardResult”
     1>Controller.cpp(152): warning C4482: 使用了非标准扩展: 限定名中使用了枚举“ForwardResult”
     1>Controller.cpp(177): warning C4244: “参数”: 从“double”转换到“int”，可能丢失数据
     1>Controller.cpp(177): warning C4244: “参数”: 从“double”转换到“int”，可能丢失数据
     1>Controller.cpp(246): warning C4244: “=”: 从“double”转换到“int”，可能丢失数据
     1>Controller.cpp(295): warning C4244: “=”: 从“double”转换到“uint”，可能丢失数据
     1>Controller.cpp(299): warning C4996: 'strcpy': This function or variable may be unsafe. Consider using strcpy_s instead. To disable deprecation, use _CRT_SECURE_NO_WARNINGS. See online help for details.
                 D:\Program Files (x86)\Microsoft Visual Studio 10.0\VC\include\string.h(105) : 参见“strcpy”的声明
     1>Controller.cpp(519): warning C4244: “参数”: 从“double”转换到“int”，可能丢失数据
     1>Controller.cpp(519): warning C4244: “参数”: 从“double”转换到“int”，可能丢失数据
     1>Controller.cpp(523): warning C4244: “初始化”: 从“double”转换到“int”，可能丢失数据
         lib_maskman_detect.cpp
     1>D:\Program Files\opencv3.0\opencv\build\include\opencv2/core/mat.hpp(1413): warning C4819: 该文件包含不能在当前代码页(936)中表示的字符。请将该文件保存为 Unicode 格式以防止数据丢失
     1>D:\Program Files\opencv3.0\opencv\build\include\opencv2/core/mat.hpp(1413): warning C4819: 该文件包含不能在当前代码页(936)中表示的字符。请将该文件保存为 Unicode 格式以防止数据丢失
     1>lib_maskman_detect.cpp(12): warning C4482: 使用了非标准扩展: 限定名中使用了枚举“AlgorithmResult”
     1>lib_maskman_detect.cpp(16): warning C4482: 使用了非标准扩展: 限定名中使用了枚举“AlgorithmResult”
     1>lib_maskman_detect.cpp(18): warning C4482: 使用了非标准扩展: 限定名中使用了枚举“AlgorithmResult”
     1>lib_maskman_detect.cpp(9): warning C4101: “ctrl”: 未引用的局部变量
       Link:
         D:\Program Files (x86)\Microsoft Visual Studio 10.0\VC\bin\link.exe /ERRORREPORT:PROMPT /OUT:"E:\Project\QtMaskManDetect\Release\ai_maskman_detect.dll" /INCREMENTAL:NO /NOLOGO opencv_ts300.lib opencv_world300.lib kernel32.lib user32.lib gdi32.lib winspool.lib comdlg32.lib advapi32.lib shell32.lib ole32.lib oleaut32.lib uuid.lib odbc32.lib odbccp32.lib /MANIFEST /ManifestFile:"Release\ai_maskman_detect.dll.intermediate.manifest" /MANIFESTUAC:"level='asInvoker' uiAccess='false'" /DEBUG /PDB:"E:\Project\QtMaskManDetect\Release\ai_maskman_detect.pdb" /SUBSYSTEM:CONSOLE /OPT:REF /OPT:ICF /LTCG /TLBID:1 /DYNAMICBASE /NXCOMPAT /IMPLIB:"E:\Project\QtMaskManDetect\Release\ai_maskman_detect.lib" /MACHINE:X86 /DLL Release\AI_Maskman_Detect.obj
         Release\algorithmInterface.obj
         Release\Controller.obj
         Release\lib_maskman_detect.obj
            正在创建库 E:\Project\QtMaskManDetect\Release\ai_maskman_detect.lib 和对象 E:\Project\QtMaskManDetect\Release\ai_maskman_detect.exp
         正在生成代码
         已完成代码的生成
         ai_maskman_detect.vcxproj -> E:\Project\QtMaskManDetect\Release\ai_maskman_detect.dll
       Manifest:
         C:\Program Files (x86)\Microsoft SDKs\Windows\v7.0A\bin\mt.exe /nologo /verbose /outputresource:"E:\Project\QtMaskManDetect\Release\ai_maskman_detect.dll;#2" /manifest Release\ai_maskman_detect.dll.intermediate.manifest
       FinalizeBuildStatus:
         正在删除文件“Release\ai_maskman_detect.unsuccessfulbuild”。
         正在对“Release\ai_maskman_detect.lastbuildstate”执行 Touch 任务。
     1>已完成生成项目“E:\Project\maskman_detect\ai_maskman_detect\ai_maskman_detect.vcxproj”(rebuild 个目标)的操作。

生成成功。

已用时间 00:00:11.02
