E:\PROJECT\QTMASKMANDETECT\QTMASKMANDETECT\GENERATEDFILES\QRC_QTMASKMANDETECT.CPP
E:\PROJECT\QTMASKMANDETECT\QTMASKMANDETECT\GENERATEDFILES\RELEASE\MOC_QTMASKMANDETECT.CPP
E:\PROJECT\QTMASKMANDETECT\QTMASKMANDETECT\GENERATEDFILES\UI_QTMASKMANDETECT.H
E:\PROJECT\QTMASKMANDETECT\QTMASKMANDETECT\RELEASE\AI_MASKMAN_DETECT.OBJ
E:\PROJECT\QTMASKMANDETECT\QTMASKMANDETECT\RELEASE\ALGORITHMINTERFACE.OBJ
E:\Project\QtMaskManDetect\QtMaskManDetect\Release\cl.command.1.tlog
E:\Project\QtMaskManDetect\QtMaskManDetect\Release\CL.read.1.tlog
E:\Project\QtMaskManDetect\QtMaskManDetect\Release\CL.write.1.tlog
E:\Project\QtMaskManDetect\QtMaskManDetect\Release\custombuild.command.1.tlog
E:\Project\QtMaskManDetect\QtMaskManDetect\Release\custombuild.read.1.tlog
E:\Project\QtMaskManDetect\QtMaskManDetect\Release\custombuild.write.1.tlog
E:\Project\QtMaskManDetect\QtMaskManDetect\Release\link.command.1.tlog
E:\Project\QtMaskManDetect\QtMaskManDetect\Release\link.read.1.tlog
E:\Project\QtMaskManDetect\QtMaskManDetect\Release\link.write.1.tlog
E:\PROJECT\QTMASKMANDETECT\QTMASKMANDETECT\RELEASE\MAIN.OBJ
E:\PROJECT\QTMASKMANDETECT\QTMASKMANDETECT\RELEASE\MOC_QTMASKMANDETECT.OBJ
E:\Project\QtMaskManDetect\QtMaskManDetect\Release\mt.command.1.tlog
E:\Project\QtMaskManDetect\QtMaskManDetect\Release\mt.read.1.tlog
E:\Project\QtMaskManDetect\QtMaskManDetect\Release\mt.write.1.tlog
E:\PROJECT\QTMASKMANDETECT\QTMASKMANDETECT\RELEASE\QRC_QTMASKMANDETECT.OBJ
E:\PROJECT\QTMASKMANDETECT\QTMASKMANDETECT\RELEASE\QTMASKMANDETECT.EXE.INTERMEDIATE.MANIFEST
E:\PROJECT\QTMASKMANDETECT\QTMASKMANDETECT\RELEASE\QTMASKMANDETECT.OBJ
E:\Project\QtMaskManDetect\QtMaskManDetect\Release\QtMaskManDetect.write.1.tlog
E:\PROJECT\QTMASKMANDETECT\QTMASKMANDETECT\RELEASE\TESTDLL.OBJ
E:\PROJECT\QTMASKMANDETECT\QTMASKMANDETECT\RELEASE\VC100.PDB
E:\PROJECT\QTMASKMANDETECT\WIN32\RELEASE\QTMASKMANDETECT.EXE
E:\PROJECT\QTMASKMANDETECT\WIN32\RELEASE\QTMASKMANDETECT.ILK
E:\PROJECT\QTMASKMANDETECT\WIN32\RELEASE\QTMASKMANDETECT.PDB
